<?xml version="1.0" encoding="UTF-8"?>
<!-- Generated by org.testng.reporters.JUnitReportReporter -->
<testsuite skipped="0" hostname="Nilesh-PC" name="TestCases.VerificationLoginPagewithScrrenshotReport" tests="1" failures="0" timestamp="06 Oct 2019 05:22:25 GMT" time="42.901" errors="0">
  <testcase name="testPage" time="42.901" classname="TestCases.VerificationLoginPagewithScrrenshotReport"/>
</testsuite> <!-- TestCases.VerificationLoginPagewithScrrenshotReport -->
