<?xml version="1.0" encoding="UTF-8"?>
<!-- Generated by org.testng.reporters.JUnitReportReporter -->
<testsuite skipped="0" hostname="Nilesh-PC" name="TestCases.VerificationLoginPagewithReport" tests="1" failures="0" timestamp="28 Sep 2019 13:00:51 GMT" time="49.334" errors="0">
  <testcase name="testPage" time="49.334" classname="TestCases.VerificationLoginPagewithReport"/>
</testsuite> <!-- TestCases.VerificationLoginPagewithReport -->
